[2025-05-20T14:25:57.346+0000] {local_task_job_runner.py:123} INFO - ::group::Pre task execution logs
[2025-05-20T14:25:57.364+0000] {taskinstance.py:2631} INFO - Dependencies all met for dep_context=non-requeueable deps ti=<TaskInstance: my_first_dbt_model-example.dbt_run manual__2025-05-20T14:25:54.612752+00:00 [queued]>
[2025-05-20T14:25:57.370+0000] {taskinstance.py:2631} INFO - Dependencies all met for dep_context=requeueable deps ti=<TaskInstance: my_first_dbt_model-example.dbt_run manual__2025-05-20T14:25:54.612752+00:00 [queued]>
[2025-05-20T14:25:57.371+0000] {taskinstance.py:2884} INFO - Starting attempt 1 of 1
[2025-05-20T14:25:57.421+0000] {taskinstance.py:2907} INFO - Executing <Task(BashOperator): dbt_run> on 2025-05-20 14:25:54.612752+00:00
[2025-05-20T14:25:57.427+0000] {warnings.py:112} WARNING - /home/***/.local/lib/python3.12/site-packages/***/task/task_runner/standard_task_runner.py:70: DeprecationWarning: This process (pid=135) is multi-threaded, use of fork() may lead to deadlocks in the child.
  pid = os.fork()

[2025-05-20T14:25:57.428+0000] {standard_task_runner.py:72} INFO - Started process 138 to run task
[2025-05-20T14:25:57.428+0000] {standard_task_runner.py:104} INFO - Running: ['***', 'tasks', 'run', 'my_first_dbt_model-example', 'dbt_run', 'manual__2025-05-20T14:25:54.612752+00:00', '--job-id', '34', '--raw', '--subdir', 'DAGS_FOLDER/dag_first_model.py', '--cfg-path', '/tmp/tmphs9zi3_f']
[2025-05-20T14:25:57.429+0000] {standard_task_runner.py:105} INFO - Job 34: Subtask dbt_run
[2025-05-20T14:25:57.525+0000] {task_command.py:467} INFO - Running <TaskInstance: my_first_dbt_model-example.dbt_run manual__2025-05-20T14:25:54.612752+00:00 [running]> on host ce0003bdd04f
[2025-05-20T14:25:57.730+0000] {taskinstance.py:3157} INFO - Exporting env vars: AIRFLOW_CTX_DAG_OWNER='***' AIRFLOW_CTX_DAG_ID='my_first_dbt_model-example' AIRFLOW_CTX_TASK_ID='dbt_run' AIRFLOW_CTX_EXECUTION_DATE='2025-05-20T14:25:54.612752+00:00' AIRFLOW_CTX_TRY_NUMBER='1' AIRFLOW_CTX_DAG_RUN_ID='manual__2025-05-20T14:25:54.612752+00:00'
[2025-05-20T14:25:57.731+0000] {taskinstance.py:740} INFO - ::endgroup::
[2025-05-20T14:25:57.740+0000] {subprocess.py:78} INFO - Tmp dir root location: /tmp
[2025-05-20T14:25:57.741+0000] {subprocess.py:88} INFO - Running command: ['/usr/bin/bash', '-c', 'cd /opt/***/dbt_modeling && dbt run -m my_first_dbt_model']
[2025-05-20T14:25:57.750+0000] {subprocess.py:99} INFO - Output:
[2025-05-20T14:26:00.273+0000] {subprocess.py:106} INFO - [0m14:26:00  Running with dbt=1.9.4
[2025-05-20T14:26:02.726+0000] {subprocess.py:106} INFO - [0m14:26:02  Registered adapter: bigquery=1.9.1
[2025-05-20T14:26:03.312+0000] {subprocess.py:106} INFO - [0m14:26:03  Found 2 models, 4 data tests, 491 macros
[2025-05-20T14:26:03.315+0000] {subprocess.py:106} INFO - [0m14:26:03
[2025-05-20T14:26:03.317+0000] {subprocess.py:106} INFO - [0m14:26:03  Concurrency: 1 threads (target='dev')
[2025-05-20T14:26:03.318+0000] {subprocess.py:106} INFO - [0m14:26:03
[2025-05-20T14:26:04.535+0000] {subprocess.py:106} INFO - [0m14:26:04  1 of 1 START sql table model jcdeol3_capstone3_hafizh.my_first_dbt_model ....... [RUN]
[2025-05-20T14:26:08.375+0000] {subprocess.py:106} INFO - [0m14:26:08  1 of 1 OK created sql table model jcdeol3_capstone3_hafizh.my_first_dbt_model .. [[32mCREATE TABLE (2.0 rows, 0 processed)[0m in 3.84s]
[2025-05-20T14:26:08.380+0000] {subprocess.py:106} INFO - [0m14:26:08
[2025-05-20T14:26:08.381+0000] {subprocess.py:106} INFO - [0m14:26:08  Finished running 1 table model in 0 hours 0 minutes and 5.06 seconds (5.06s).
[2025-05-20T14:26:08.432+0000] {subprocess.py:106} INFO - [0m14:26:08
[2025-05-20T14:26:08.433+0000] {subprocess.py:106} INFO - [0m14:26:08  [32mCompleted successfully[0m
[2025-05-20T14:26:08.434+0000] {subprocess.py:106} INFO - [0m14:26:08
[2025-05-20T14:26:08.435+0000] {subprocess.py:106} INFO - [0m14:26:08  Done. PASS=1 WARN=0 ERROR=0 SKIP=0 TOTAL=1
[2025-05-20T14:26:10.252+0000] {subprocess.py:110} INFO - Command exited with return code 0
[2025-05-20T14:26:10.290+0000] {taskinstance.py:349} INFO - ::group::Post task execution logs
[2025-05-20T14:26:10.291+0000] {taskinstance.py:361} INFO - Marking task as SUCCESS. dag_id=my_first_dbt_model-example, task_id=dbt_run, run_id=manual__2025-05-20T14:25:54.612752+00:00, execution_date=20250520T142554, start_date=20250520T142557, end_date=20250520T142610
[2025-05-20T14:26:10.360+0000] {local_task_job_runner.py:266} INFO - Task exited with return code 0
[2025-05-20T14:26:10.371+0000] {taskinstance.py:3924} INFO - 0 downstream tasks scheduled from follow-on schedule check
[2025-05-20T14:26:10.440+0000] {local_task_job_runner.py:245} INFO - ::endgroup::
