[2025-05-21T14:22:24.302+0000] {local_task_job_runner.py:123} INFO - ::group::Pre task execution logs
[2025-05-21T14:22:24.318+0000] {taskinstance.py:2631} INFO - Dependencies all met for dep_context=non-requeueable deps ti=<TaskInstance: extract_concat_upload_to_gcs.run_etl manual__2025-05-21T14:05:46.476128+00:00 [queued]>
[2025-05-21T14:22:24.324+0000] {taskinstance.py:2631} INFO - Dependencies all met for dep_context=requeueable deps ti=<TaskInstance: extract_concat_upload_to_gcs.run_etl manual__2025-05-21T14:05:46.476128+00:00 [queued]>
[2025-05-21T14:22:24.325+0000] {taskinstance.py:2884} INFO - Starting attempt 4 of 5
[2025-05-21T14:22:24.350+0000] {taskinstance.py:2907} INFO - Executing <Task(PythonOperator): run_etl> on 2025-05-21 14:05:46.476128+00:00
[2025-05-21T14:22:24.356+0000] {warnings.py:112} WARNING - /home/***/.local/lib/python3.12/site-packages/***/task/task_runner/standard_task_runner.py:70: DeprecationWarning: This process (pid=618) is multi-threaded, use of fork() may lead to deadlocks in the child.
  pid = os.fork()

[2025-05-21T14:22:24.357+0000] {standard_task_runner.py:72} INFO - Started process 620 to run task
[2025-05-21T14:22:24.358+0000] {standard_task_runner.py:104} INFO - Running: ['***', 'tasks', 'run', 'extract_concat_upload_to_gcs', 'run_etl', 'manual__2025-05-21T14:05:46.476128+00:00', '--job-id', '48', '--raw', '--subdir', 'DAGS_FOLDER/dag_taxi_data_extractor.py', '--cfg-path', '/tmp/tmp4tdpwlir']
[2025-05-21T14:22:24.360+0000] {standard_task_runner.py:105} INFO - Job 48: Subtask run_etl
[2025-05-21T14:22:24.444+0000] {task_command.py:467} INFO - Running <TaskInstance: extract_concat_upload_to_gcs.run_etl manual__2025-05-21T14:05:46.476128+00:00 [running]> on host 939a293d2c0e
[2025-05-21T14:22:24.564+0000] {taskinstance.py:3157} INFO - Exporting env vars: AIRFLOW_CTX_DAG_OWNER='***' AIRFLOW_CTX_DAG_ID='extract_concat_upload_to_gcs' AIRFLOW_CTX_TASK_ID='run_etl' AIRFLOW_CTX_EXECUTION_DATE='2025-05-21T14:05:46.476128+00:00' AIRFLOW_CTX_TRY_NUMBER='4' AIRFLOW_CTX_DAG_RUN_ID='manual__2025-05-21T14:05:46.476128+00:00'
[2025-05-21T14:22:24.565+0000] {taskinstance.py:740} INFO - ::endgroup::
[2025-05-21T14:22:24.577+0000] {logging_mixin.py:190} INFO - Base directory path /opt/***
[2025-05-21T14:22:24.578+0000] {logging_mixin.py:190} INFO - CSV folder path: /opt/***/data/csv
[2025-05-21T14:22:24.582+0000] {logging_mixin.py:190} INFO - CSV list of files: ['green_tripdata_0.csv', 'green_tripdata_1.csv', 'green_tripdata_10.csv', 'green_tripdata_11.csv', 'green_tripdata_12.csv', 'green_tripdata_13.csv', 'green_tripdata_14.csv', 'green_tripdata_15.csv', 'green_tripdata_16.csv', 'green_tripdata_17.csv', 'green_tripdata_18.csv', 'green_tripdata_19.csv', 'green_tripdata_2.csv', 'green_tripdata_20.csv', 'green_tripdata_21.csv', 'green_tripdata_22.csv', 'green_tripdata_23.csv', 'green_tripdata_24.csv', 'green_tripdata_25.csv', 'green_tripdata_26.csv', 'green_tripdata_27.csv', 'green_tripdata_28.csv', 'green_tripdata_29.csv', 'green_tripdata_3.csv', 'green_tripdata_30.csv', 'green_tripdata_31.csv', 'green_tripdata_32.csv', 'green_tripdata_33.csv', 'green_tripdata_34.csv', 'green_tripdata_35.csv', 'green_tripdata_4.csv', 'green_tripdata_5.csv', 'green_tripdata_6.csv', 'green_tripdata_7.csv', 'green_tripdata_8.csv', 'green_tripdata_9.csv']
[2025-05-21T14:22:24.618+0000] {logging_mixin.py:190} INFO - Reading CSV files...
[2025-05-21T14:22:25.688+0000] {logging_mixin.py:190} INFO - Concancenate CSV files...
[2025-05-21T14:22:25.744+0000] {logging_mixin.py:190} INFO - Base directory path /opt/***
[2025-05-21T14:22:25.744+0000] {logging_mixin.py:190} INFO - JSON folder path: /opt/***/data/json
[2025-05-21T14:22:25.746+0000] {logging_mixin.py:190} INFO - JSON list of files: ['green_tripdata_36.json', 'green_tripdata_37.json', 'green_tripdata_38.json', 'green_tripdata_39.json', 'green_tripdata_40.json', 'green_tripdata_41.json', 'green_tripdata_42.json', 'green_tripdata_43.json', 'green_tripdata_44.json', 'green_tripdata_45.json', 'green_tripdata_46.json', 'green_tripdata_47.json', 'green_tripdata_48.json', 'green_tripdata_49.json', 'green_tripdata_50.json', 'green_tripdata_51.json', 'green_tripdata_52.json']
[2025-05-21T14:22:25.747+0000] {logging_mixin.py:190} INFO - Reading JSON files...
[2025-05-21T14:22:28.700+0000] {logging_mixin.py:190} INFO - Concancenate JSON files...
[2025-05-21T14:22:28.724+0000] {logging_mixin.py:190} INFO - Concancenate CSV and JSON files...
[2025-05-21T14:22:34.467+0000] {logging_mixin.py:190} INFO - Saved combined CSV to /opt/***/data/taxi_data.csv
[2025-05-21T14:22:34.467+0000] {logging_mixin.py:190} INFO - Uploading /opt/***/data/taxi_data.csv to gs://jdeol003-bucket/...
[2025-05-21T14:22:53.003+0000] {logging_mixin.py:190} INFO - Upload completed.
[2025-05-21T14:22:53.004+0000] {logging_mixin.py:190} INFO - Uploading /opt/***/data/payment_type.csv to gs://jdeol003-bucket/...
[2025-05-21T14:22:53.459+0000] {logging_mixin.py:190} INFO - Upload completed.
[2025-05-21T14:22:53.460+0000] {logging_mixin.py:190} INFO - Uploading /opt/***/data/taxi_zone_lookup.csv to gs://jdeol003-bucket/...
[2025-05-21T14:22:53.986+0000] {logging_mixin.py:190} INFO - Upload completed.
[2025-05-21T14:22:53.987+0000] {python.py:240} INFO - Done. Returned value was: None
[2025-05-21T14:22:53.998+0000] {taskinstance.py:349} INFO - ::group::Post task execution logs
[2025-05-21T14:22:53.999+0000] {taskinstance.py:361} INFO - Marking task as SUCCESS. dag_id=extract_concat_upload_to_gcs, task_id=run_etl, run_id=manual__2025-05-21T14:05:46.476128+00:00, execution_date=20250521T140546, start_date=20250521T142224, end_date=20250521T142253
[2025-05-21T14:22:54.096+0000] {local_task_job_runner.py:266} INFO - Task exited with return code 0
[2025-05-21T14:22:54.108+0000] {taskinstance.py:3924} INFO - 0 downstream tasks scheduled from follow-on schedule check
[2025-05-21T14:22:54.148+0000] {local_task_job_runner.py:245} INFO - ::endgroup::
