[2025-05-20T14:13:55.242+0000] {local_task_job_runner.py:123} INFO - ::group::Pre task execution logs
[2025-05-20T14:13:55.260+0000] {taskinstance.py:2631} INFO - Dependencies all met for dep_context=non-requeueable deps ti=<TaskInstance: my_first_dbt_model.dbt_run manual__2025-05-20T13:24:22.681373+00:00 [queued]>
[2025-05-20T14:13:55.266+0000] {taskinstance.py:2631} INFO - Dependencies all met for dep_context=requeueable deps ti=<TaskInstance: my_first_dbt_model.dbt_run manual__2025-05-20T13:24:22.681373+00:00 [queued]>
[2025-05-20T14:13:55.266+0000] {taskinstance.py:2884} INFO - Starting attempt 2 of 2
[2025-05-20T14:13:55.718+0000] {taskinstance.py:2907} INFO - Executing <Task(BashOperator): dbt_run> on 2025-05-20 13:24:22.681373+00:00
[2025-05-20T14:13:55.724+0000] {warnings.py:112} WARNING - /home/***/.local/lib/python3.12/site-packages/***/task/task_runner/standard_task_runner.py:70: DeprecationWarning: This process (pid=71) is multi-threaded, use of fork() may lead to deadlocks in the child.
  pid = os.fork()

[2025-05-20T14:13:55.726+0000] {standard_task_runner.py:72} INFO - Started process 80 to run task
[2025-05-20T14:13:55.726+0000] {standard_task_runner.py:104} INFO - Running: ['***', 'tasks', 'run', 'my_first_dbt_model', 'dbt_run', 'manual__2025-05-20T13:24:22.681373+00:00', '--job-id', '27', '--raw', '--subdir', 'DAGS_FOLDER/dag_first_model.py', '--cfg-path', '/tmp/tmp7vspliwa']
[2025-05-20T14:13:55.727+0000] {standard_task_runner.py:105} INFO - Job 27: Subtask dbt_run
[2025-05-20T14:13:56.210+0000] {task_command.py:467} INFO - Running <TaskInstance: my_first_dbt_model.dbt_run manual__2025-05-20T13:24:22.681373+00:00 [running]> on host 9b0d09400363
[2025-05-20T14:13:56.868+0000] {taskinstance.py:3157} INFO - Exporting env vars: AIRFLOW_CTX_DAG_OWNER='***' AIRFLOW_CTX_DAG_ID='my_first_dbt_model' AIRFLOW_CTX_TASK_ID='dbt_run' AIRFLOW_CTX_EXECUTION_DATE='2025-05-20T13:24:22.681373+00:00' AIRFLOW_CTX_TRY_NUMBER='2' AIRFLOW_CTX_DAG_RUN_ID='manual__2025-05-20T13:24:22.681373+00:00'
[2025-05-20T14:13:56.870+0000] {logging_mixin.py:190} INFO - Task instance is in running state
[2025-05-20T14:13:56.870+0000] {logging_mixin.py:190} INFO -  Previous state of the Task instance: queued
[2025-05-20T14:13:56.870+0000] {logging_mixin.py:190} INFO - Current task name:dbt_run state:running start_date:2025-05-20 14:13:55.261067+00:00
[2025-05-20T14:13:56.871+0000] {logging_mixin.py:190} INFO - Dag name:my_first_dbt_model and current dag run status:running
[2025-05-20T14:13:56.871+0000] {taskinstance.py:740} INFO - ::endgroup::
[2025-05-20T14:13:56.872+0000] {subprocess.py:78} INFO - Tmp dir root location: /tmp
[2025-05-20T14:13:56.873+0000] {subprocess.py:88} INFO - Running command: ['/usr/bin/bash', '-c', 'cd /opt/***/dbt_modeling && dbt run -m my_first_dbt_model']
[2025-05-20T14:13:56.884+0000] {subprocess.py:99} INFO - Output:
[2025-05-20T14:13:59.187+0000] {subprocess.py:106} INFO - [0m14:13:59  Running with dbt=1.9.4
[2025-05-20T14:14:00.739+0000] {subprocess.py:106} INFO - [0m14:14:00  Registered adapter: bigquery=1.9.1
[2025-05-20T14:14:01.507+0000] {subprocess.py:106} INFO - [0m14:14:01  Found 2 models, 4 data tests, 491 macros
[2025-05-20T14:14:01.510+0000] {subprocess.py:106} INFO - [0m14:14:01
[2025-05-20T14:14:01.511+0000] {subprocess.py:106} INFO - [0m14:14:01  Concurrency: 1 threads (target='dev')
[2025-05-20T14:14:01.511+0000] {subprocess.py:106} INFO - [0m14:14:01
[2025-05-20T14:14:02.775+0000] {subprocess.py:106} INFO - [0m14:14:02  1 of 1 START sql table model jcdeol3_capstone3_hafizh.my_first_dbt_model ....... [RUN]
[2025-05-20T14:14:06.257+0000] {subprocess.py:106} INFO - [0m14:14:06  1 of 1 OK created sql table model jcdeol3_capstone3_hafizh.my_first_dbt_model .. [[32mCREATE TABLE (2.0 rows, 0 processed)[0m in 3.48s]
[2025-05-20T14:14:06.263+0000] {subprocess.py:106} INFO - [0m14:14:06
[2025-05-20T14:14:06.263+0000] {subprocess.py:106} INFO - [0m14:14:06  Finished running 1 table model in 0 hours 0 minutes and 4.75 seconds (4.75s).
[2025-05-20T14:14:06.408+0000] {subprocess.py:106} INFO - [0m14:14:06
[2025-05-20T14:14:06.409+0000] {subprocess.py:106} INFO - [0m14:14:06  [32mCompleted successfully[0m
[2025-05-20T14:14:06.409+0000] {subprocess.py:106} INFO - [0m14:14:06
[2025-05-20T14:14:06.410+0000] {subprocess.py:106} INFO - [0m14:14:06  Done. PASS=1 WARN=0 ERROR=0 SKIP=0 TOTAL=1
[2025-05-20T14:14:08.060+0000] {subprocess.py:110} INFO - Command exited with return code 0
[2025-05-20T14:14:08.220+0000] {taskinstance.py:349} INFO - ::group::Post task execution logs
[2025-05-20T14:14:08.221+0000] {taskinstance.py:361} INFO - Marking task as SUCCESS. dag_id=my_first_dbt_model, task_id=dbt_run, run_id=manual__2025-05-20T13:24:22.681373+00:00, execution_date=20250520T132422, start_date=20250520T141355, end_date=20250520T141408
[2025-05-20T14:14:08.767+0000] {logging_mixin.py:190} INFO - Task instance in success state
[2025-05-20T14:14:08.768+0000] {logging_mixin.py:190} INFO -  Previous state of the Task instance: running
[2025-05-20T14:14:08.768+0000] {logging_mixin.py:190} INFO - Dag name:my_first_dbt_model queued_at:2025-05-20 14:13:38.769282+00:00
[2025-05-20T14:14:08.769+0000] {logging_mixin.py:190} INFO - Task hostname:9b0d09400363 operator:BashOperator
[2025-05-20T14:14:08.782+0000] {local_task_job_runner.py:266} INFO - Task exited with return code 0
[2025-05-20T14:14:08.793+0000] {taskinstance.py:3924} INFO - 0 downstream tasks scheduled from follow-on schedule check
[2025-05-20T14:14:09.356+0000] {local_task_job_runner.py:245} INFO - ::endgroup::
