[2025-05-20T14:16:53.396+0000] {local_task_job_runner.py:123} INFO - ::group::Pre task execution logs
[2025-05-20T14:16:53.411+0000] {taskinstance.py:2631} INFO - Dependencies all met for dep_context=non-requeueable deps ti=<TaskInstance: my_first_dbt_model.dbt_run manual__2025-05-20T14:16:48.683059+00:00 [queued]>
[2025-05-20T14:16:53.416+0000] {taskinstance.py:2631} INFO - Dependencies all met for dep_context=requeueable deps ti=<TaskInstance: my_first_dbt_model.dbt_run manual__2025-05-20T14:16:48.683059+00:00 [queued]>
[2025-05-20T14:16:53.417+0000] {taskinstance.py:2884} INFO - Starting attempt 1 of 1
[2025-05-20T14:16:53.542+0000] {taskinstance.py:2907} INFO - Executing <Task(BashOperator): dbt_run> on 2025-05-20 14:16:48.683059+00:00
[2025-05-20T14:16:53.547+0000] {warnings.py:112} WARNING - /home/***/.local/lib/python3.12/site-packages/***/task/task_runner/standard_task_runner.py:70: DeprecationWarning: This process (pid=78) is multi-threaded, use of fork() may lead to deadlocks in the child.
  pid = os.fork()

[2025-05-20T14:16:53.549+0000] {standard_task_runner.py:72} INFO - Started process 80 to run task
[2025-05-20T14:16:53.549+0000] {standard_task_runner.py:104} INFO - Running: ['***', 'tasks', 'run', 'my_first_dbt_model', 'dbt_run', 'manual__2025-05-20T14:16:48.683059+00:00', '--job-id', '30', '--raw', '--subdir', 'DAGS_FOLDER/dag_first_model.py', '--cfg-path', '/tmp/tmpvjhb7pa4']
[2025-05-20T14:16:53.551+0000] {standard_task_runner.py:105} INFO - Job 30: Subtask dbt_run
[2025-05-20T14:16:53.804+0000] {task_command.py:467} INFO - Running <TaskInstance: my_first_dbt_model.dbt_run manual__2025-05-20T14:16:48.683059+00:00 [running]> on host 424c702c545b
[2025-05-20T14:16:53.930+0000] {taskinstance.py:3157} INFO - Exporting env vars: AIRFLOW_CTX_DAG_OWNER='***' AIRFLOW_CTX_DAG_ID='my_first_dbt_model' AIRFLOW_CTX_TASK_ID='dbt_run' AIRFLOW_CTX_EXECUTION_DATE='2025-05-20T14:16:48.683059+00:00' AIRFLOW_CTX_TRY_NUMBER='1' AIRFLOW_CTX_DAG_RUN_ID='manual__2025-05-20T14:16:48.683059+00:00'
[2025-05-20T14:16:53.931+0000] {logging_mixin.py:190} INFO - Task instance is in running state
[2025-05-20T14:16:53.932+0000] {logging_mixin.py:190} INFO -  Previous state of the Task instance: queued
[2025-05-20T14:16:53.932+0000] {logging_mixin.py:190} INFO - Current task name:dbt_run state:running start_date:2025-05-20 14:16:53.411726+00:00
[2025-05-20T14:16:53.932+0000] {logging_mixin.py:190} INFO - Dag name:my_first_dbt_model and current dag run status:running
[2025-05-20T14:16:53.933+0000] {taskinstance.py:740} INFO - ::endgroup::
[2025-05-20T14:16:53.934+0000] {subprocess.py:78} INFO - Tmp dir root location: /tmp
[2025-05-20T14:16:53.934+0000] {subprocess.py:88} INFO - Running command: ['/usr/bin/bash', '-c', 'cd /opt/***/dbt_modeling && dbt run -m my_first_dbt_model']
[2025-05-20T14:16:53.944+0000] {subprocess.py:99} INFO - Output:
[2025-05-20T14:16:56.047+0000] {subprocess.py:106} INFO - [0m14:16:56  Running with dbt=1.9.4
[2025-05-20T14:16:57.479+0000] {subprocess.py:106} INFO - [0m14:16:57  Registered adapter: bigquery=1.9.1
[2025-05-20T14:16:58.108+0000] {subprocess.py:106} INFO - [0m14:16:58  Found 2 models, 4 data tests, 491 macros
[2025-05-20T14:16:58.110+0000] {subprocess.py:106} INFO - [0m14:16:58
[2025-05-20T14:16:58.111+0000] {subprocess.py:106} INFO - [0m14:16:58  Concurrency: 1 threads (target='dev')
[2025-05-20T14:16:58.112+0000] {subprocess.py:106} INFO - [0m14:16:58
[2025-05-20T14:16:59.395+0000] {subprocess.py:106} INFO - [0m14:16:59  1 of 1 START sql table model jcdeol3_capstone3_hafizh.my_first_dbt_model ....... [RUN]
[2025-05-20T14:17:02.683+0000] {subprocess.py:106} INFO - [0m14:17:02  1 of 1 OK created sql table model jcdeol3_capstone3_hafizh.my_first_dbt_model .. [[32mCREATE TABLE (2.0 rows, 0 processed)[0m in 3.28s]
[2025-05-20T14:17:02.688+0000] {subprocess.py:106} INFO - [0m14:17:02
[2025-05-20T14:17:02.688+0000] {subprocess.py:106} INFO - [0m14:17:02  Finished running 1 table model in 0 hours 0 minutes and 4.58 seconds (4.58s).
[2025-05-20T14:17:02.829+0000] {subprocess.py:106} INFO - [0m14:17:02
[2025-05-20T14:17:02.830+0000] {subprocess.py:106} INFO - [0m14:17:02  [32mCompleted successfully[0m
[2025-05-20T14:17:02.830+0000] {subprocess.py:106} INFO - [0m14:17:02
[2025-05-20T14:17:02.831+0000] {subprocess.py:106} INFO - [0m14:17:02  Done. PASS=1 WARN=0 ERROR=0 SKIP=0 TOTAL=1
[2025-05-20T14:17:05.194+0000] {subprocess.py:110} INFO - Command exited with return code 0
[2025-05-20T14:17:07.557+0000] {taskinstance.py:349} INFO - ::group::Post task execution logs
[2025-05-20T14:17:07.558+0000] {taskinstance.py:361} INFO - Marking task as SUCCESS. dag_id=my_first_dbt_model, task_id=dbt_run, run_id=manual__2025-05-20T14:16:48.683059+00:00, execution_date=20250520T141648, start_date=20250520T141653, end_date=20250520T141707
[2025-05-20T14:17:08.237+0000] {logging_mixin.py:190} INFO - Task instance in success state
[2025-05-20T14:17:08.237+0000] {logging_mixin.py:190} INFO -  Previous state of the Task instance: running
[2025-05-20T14:17:08.238+0000] {logging_mixin.py:190} INFO - Dag name:my_first_dbt_model queued_at:2025-05-20 14:16:48.692410+00:00
[2025-05-20T14:17:08.238+0000] {logging_mixin.py:190} INFO - Task hostname:424c702c545b operator:BashOperator
[2025-05-20T14:17:08.252+0000] {local_task_job_runner.py:266} INFO - Task exited with return code 0
[2025-05-20T14:17:08.267+0000] {taskinstance.py:3924} INFO - 0 downstream tasks scheduled from follow-on schedule check
[2025-05-20T14:17:08.441+0000] {local_task_job_runner.py:245} INFO - ::endgroup::
