[2025-05-22T14:20:59.205+0000] {manager.py:483} INFO - Processing files using up to 2 processes at a time 
[2025-05-22T14:20:59.205+0000] {manager.py:484} INFO - Process each file at most once every 30 seconds
[2025-05-22T14:20:59.206+0000] {manager.py:485} INFO - Checking for new files in /opt/airflow/dags every 300 seconds
[2025-05-22T14:20:59.207+0000] {manager.py:821} INFO - Searching for files in /opt/airflow/dags
[2025-05-22T14:20:59.244+0000] {manager.py:824} INFO - There are 3 files in /opt/airflow/dags
[2025-05-22T14:20:59.353+0000] {manager.py:997} INFO - 
================================================================================
DAG File Processing Stats

File Path                                       PID  Runtime      # DAGs    # Errors  Last Runtime    Last Run      Last # of DB Queries
--------------------------------------------  -----  ---------  --------  ----------  --------------  ----------  ----------------------
/opt/airflow/dags/dag_first_model.py                                   0           0                                                   0
/opt/airflow/dags/dag_taxi_data_extractor.py     57  0.04s             0           0                                                   0
/opt/airflow/dags/dag_taxi_data_loader.py        56  0.05s             0           0                                                   0
================================================================================
[2025-05-22T14:21:29.469+0000] {manager.py:997} INFO - 
================================================================================
DAG File Processing Stats

File Path                                     PID    Runtime      # DAGs    # Errors  Last Runtime    Last Run               Last # of DB Queries
--------------------------------------------  -----  ---------  --------  ----------  --------------  -------------------  ----------------------
/opt/airflow/dags/dag_taxi_data_loader.py                              1           0  1.97s           2025-05-22T14:21:01                      12
/opt/airflow/dags/dag_taxi_data_extractor.py                           1           0  1.88s           2025-05-22T14:21:01                      12
/opt/airflow/dags/dag_first_model.py                                   1           0  0.18s           2025-05-22T14:21:01                      12
================================================================================
[2025-05-22T14:21:59.909+0000] {manager.py:997} INFO - 
================================================================================
DAG File Processing Stats

File Path                                     PID    Runtime      # DAGs    # Errors  Last Runtime    Last Run               Last # of DB Queries
--------------------------------------------  -----  ---------  --------  ----------  --------------  -------------------  ----------------------
/opt/airflow/dags/dag_taxi_data_loader.py                              1           0  1.24s           2025-05-22T14:21:32                      12
/opt/airflow/dags/dag_taxi_data_extractor.py                           1           0  1.18s           2025-05-22T14:21:32                      12
/opt/airflow/dags/dag_first_model.py                                   1           0  0.23s           2025-05-22T14:21:32                      12
================================================================================
[2025-05-22T14:22:30.753+0000] {manager.py:997} INFO - 
================================================================================
DAG File Processing Stats

File Path                                     PID    Runtime      # DAGs    # Errors  Last Runtime    Last Run               Last # of DB Queries
--------------------------------------------  -----  ---------  --------  ----------  --------------  -------------------  ----------------------
/opt/airflow/dags/dag_taxi_data_loader.py                              1           0  0.63s           2025-05-22T14:22:03                      12
/opt/airflow/dags/dag_taxi_data_extractor.py                           1           0  0.61s           2025-05-22T14:22:03                      12
/opt/airflow/dags/dag_first_model.py                                   1           0  0.10s           2025-05-22T14:22:03                      12
================================================================================
[2025-05-22T14:23:01.644+0000] {manager.py:997} INFO - 
================================================================================
DAG File Processing Stats

File Path                                     PID    Runtime      # DAGs    # Errors  Last Runtime    Last Run               Last # of DB Queries
--------------------------------------------  -----  ---------  --------  ----------  --------------  -------------------  ----------------------
/opt/airflow/dags/dag_taxi_data_extractor.py                           1           0  0.68s           2025-05-22T14:22:34                      12
/opt/airflow/dags/dag_taxi_data_loader.py                              1           0  0.67s           2025-05-22T14:22:34                      12
/opt/airflow/dags/dag_first_model.py                                   1           0  0.09s           2025-05-22T14:22:34                      12
================================================================================
[2025-05-22T14:23:32.533+0000] {manager.py:997} INFO - 
================================================================================
DAG File Processing Stats

File Path                                     PID    Runtime      # DAGs    # Errors  Last Runtime    Last Run               Last # of DB Queries
--------------------------------------------  -----  ---------  --------  ----------  --------------  -------------------  ----------------------
/opt/airflow/dags/dag_taxi_data_loader.py                              1           0  0.67s           2025-05-22T14:23:05                      12
/opt/airflow/dags/dag_taxi_data_extractor.py                           1           0  0.59s           2025-05-22T14:23:05                      12
/opt/airflow/dags/dag_first_model.py                                   1           0  0.15s           2025-05-22T14:23:05                      12
================================================================================
[2025-05-22T14:24:03.416+0000] {manager.py:997} INFO - 
================================================================================
DAG File Processing Stats

File Path                                     PID    Runtime      # DAGs    # Errors  Last Runtime    Last Run               Last # of DB Queries
--------------------------------------------  -----  ---------  --------  ----------  --------------  -------------------  ----------------------
/opt/airflow/dags/dag_taxi_data_loader.py                              1           0  0.66s           2025-05-22T14:23:36                      12
/opt/airflow/dags/dag_taxi_data_extractor.py                           1           0  0.64s           2025-05-22T14:23:36                      12
/opt/airflow/dags/dag_first_model.py                                   1           0  0.13s           2025-05-22T14:23:36                      12
================================================================================
[2025-05-22T14:24:34.339+0000] {manager.py:997} INFO - 
================================================================================
DAG File Processing Stats

File Path                                     PID    Runtime      # DAGs    # Errors  Last Runtime    Last Run               Last # of DB Queries
--------------------------------------------  -----  ---------  --------  ----------  --------------  -------------------  ----------------------
/opt/airflow/dags/dag_taxi_data_loader.py                              1           0  0.71s           2025-05-22T14:24:07                      12
/opt/airflow/dags/dag_taxi_data_extractor.py                           1           0  0.63s           2025-05-22T14:24:07                      12
/opt/airflow/dags/dag_first_model.py                                   1           0  0.12s           2025-05-22T14:24:07                      12
================================================================================
[2025-05-22T14:25:04.350+0000] {manager.py:997} INFO - 
================================================================================
DAG File Processing Stats

File Path                                     PID    Runtime      # DAGs    # Errors  Last Runtime    Last Run               Last # of DB Queries
--------------------------------------------  -----  ---------  --------  ----------  --------------  -------------------  ----------------------
/opt/airflow/dags/dag_taxi_data_loader.py                              1           0  0.75s           2025-05-22T14:24:38                      12
/opt/airflow/dags/dag_taxi_data_extractor.py                           1           0  0.66s           2025-05-22T14:24:38                      12
/opt/airflow/dags/dag_first_model.py                                   1           0  0.13s           2025-05-22T14:24:38                      12
================================================================================
[2025-05-22T14:25:34.393+0000] {manager.py:997} INFO - 
================================================================================
DAG File Processing Stats

File Path                                     PID    Runtime      # DAGs    # Errors  Last Runtime    Last Run               Last # of DB Queries
--------------------------------------------  -----  ---------  --------  ----------  --------------  -------------------  ----------------------
/opt/airflow/dags/dag_taxi_data_loader.py                              1           0  0.81s           2025-05-22T14:25:09                      12
/opt/airflow/dags/dag_taxi_data_extractor.py                           1           0  0.76s           2025-05-22T14:25:09                      12
/opt/airflow/dags/dag_first_model.py                                   1           0  0.11s           2025-05-22T14:25:09                      12
================================================================================
[2025-05-22T14:25:59.222+0000] {manager.py:821} INFO - Searching for files in /opt/airflow/dags
[2025-05-22T14:25:59.257+0000] {manager.py:824} INFO - There are 3 files in /opt/airflow/dags
[2025-05-22T14:26:05.248+0000] {manager.py:997} INFO - 
================================================================================
DAG File Processing Stats

File Path                                     PID    Runtime      # DAGs    # Errors  Last Runtime    Last Run               Last # of DB Queries
--------------------------------------------  -----  ---------  --------  ----------  --------------  -------------------  ----------------------
/opt/airflow/dags/dag_taxi_data_loader.py                              1           0  0.66s           2025-05-22T14:25:40                      12
/opt/airflow/dags/dag_taxi_data_extractor.py                           1           0  0.59s           2025-05-22T14:25:39                      12
/opt/airflow/dags/dag_first_model.py                                   1           0  0.12s           2025-05-22T14:25:40                      12
================================================================================
[2025-05-22T14:26:36.130+0000] {manager.py:997} INFO - 
================================================================================
DAG File Processing Stats

File Path                                     PID    Runtime      # DAGs    # Errors  Last Runtime    Last Run               Last # of DB Queries
--------------------------------------------  -----  ---------  --------  ----------  --------------  -------------------  ----------------------
/opt/airflow/dags/dag_taxi_data_extractor.py                           1           0  0.66s           2025-05-22T14:26:10                      12
/opt/airflow/dags/dag_taxi_data_loader.py                              1           0  0.65s           2025-05-22T14:26:10                      12
/opt/airflow/dags/dag_first_model.py                                   1           0  0.10s           2025-05-22T14:26:11                      12
================================================================================
[2025-05-22T14:27:07.027+0000] {manager.py:997} INFO - 
================================================================================
DAG File Processing Stats

File Path                                     PID    Runtime      # DAGs    # Errors  Last Runtime    Last Run               Last # of DB Queries
--------------------------------------------  -----  ---------  --------  ----------  --------------  -------------------  ----------------------
/opt/airflow/dags/dag_taxi_data_loader.py                              1           0  0.69s           2025-05-22T14:26:41                      12
/opt/airflow/dags/dag_taxi_data_extractor.py                           1           0  0.67s           2025-05-22T14:26:41                      12
/opt/airflow/dags/dag_first_model.py                                   1           0  0.10s           2025-05-22T14:26:41                      12
================================================================================
[2025-05-22T14:27:37.878+0000] {manager.py:997} INFO - 
================================================================================
DAG File Processing Stats

File Path                                     PID    Runtime      # DAGs    # Errors  Last Runtime    Last Run               Last # of DB Queries
--------------------------------------------  -----  ---------  --------  ----------  --------------  -------------------  ----------------------
/opt/airflow/dags/dag_taxi_data_loader.py                              1           0  0.63s           2025-05-22T14:27:12                      12
/opt/airflow/dags/dag_taxi_data_extractor.py                           1           0  0.58s           2025-05-22T14:27:12                      12
/opt/airflow/dags/dag_first_model.py                                   1           0  0.12s           2025-05-22T14:27:12                      12
================================================================================
[2025-05-22T14:28:08.728+0000] {manager.py:997} INFO - 
================================================================================
DAG File Processing Stats

File Path                                     PID    Runtime      # DAGs    # Errors  Last Runtime    Last Run               Last # of DB Queries
--------------------------------------------  -----  ---------  --------  ----------  --------------  -------------------  ----------------------
/opt/airflow/dags/dag_taxi_data_loader.py                              1           0  0.63s           2025-05-22T14:27:43                      12
/opt/airflow/dags/dag_taxi_data_extractor.py                           1           0  0.59s           2025-05-22T14:27:43                      12
/opt/airflow/dags/dag_first_model.py                                   1           0  0.09s           2025-05-22T14:27:43                      12
================================================================================
[2025-05-22T14:28:39.623+0000] {manager.py:997} INFO - 
================================================================================
DAG File Processing Stats

File Path                                     PID    Runtime      # DAGs    # Errors  Last Runtime    Last Run               Last # of DB Queries
--------------------------------------------  -----  ---------  --------  ----------  --------------  -------------------  ----------------------
/opt/airflow/dags/dag_taxi_data_loader.py                              1           0  0.68s           2025-05-22T14:28:14                      12
/opt/airflow/dags/dag_taxi_data_extractor.py                           1           0  0.61s           2025-05-22T14:28:14                      12
/opt/airflow/dags/dag_first_model.py                                   1           0  0.12s           2025-05-22T14:28:14                      12
================================================================================
[2025-05-22T14:29:09.624+0000] {manager.py:997} INFO - 
================================================================================
DAG File Processing Stats

File Path                                     PID    Runtime      # DAGs    # Errors  Last Runtime    Last Run               Last # of DB Queries
--------------------------------------------  -----  ---------  --------  ----------  --------------  -------------------  ----------------------
/opt/airflow/dags/dag_taxi_data_loader.py                              1           0  0.77s           2025-05-22T14:28:45                      12
/opt/airflow/dags/dag_taxi_data_extractor.py                           1           0  0.69s           2025-05-22T14:28:45                      12
/opt/airflow/dags/dag_first_model.py                                   1           0  0.11s           2025-05-22T14:28:45                      12
================================================================================
[2025-05-22T14:29:39.711+0000] {manager.py:997} INFO - 
================================================================================
DAG File Processing Stats

File Path                                     PID    Runtime      # DAGs    # Errors  Last Runtime    Last Run               Last # of DB Queries
--------------------------------------------  -----  ---------  --------  ----------  --------------  -------------------  ----------------------
/opt/airflow/dags/dag_taxi_data_loader.py                              1           0  0.78s           2025-05-22T14:29:16                      12
/opt/airflow/dags/dag_taxi_data_extractor.py                           1           0  0.73s           2025-05-22T14:29:16                      12
/opt/airflow/dags/dag_first_model.py                                   1           0  0.17s           2025-05-22T14:29:16                      12
================================================================================
[2025-05-22T14:30:10.566+0000] {manager.py:997} INFO - 
================================================================================
DAG File Processing Stats

File Path                                     PID    Runtime      # DAGs    # Errors  Last Runtime    Last Run               Last # of DB Queries
--------------------------------------------  -----  ---------  --------  ----------  --------------  -------------------  ----------------------
/opt/airflow/dags/dag_taxi_data_extractor.py                           1           0  0.74s           2025-05-22T14:29:47                      12
/opt/airflow/dags/dag_taxi_data_loader.py                              1           0  0.73s           2025-05-22T14:29:47                      12
/opt/airflow/dags/dag_first_model.py                                   1           0  0.13s           2025-05-22T14:29:47                      12
================================================================================
[2025-05-22T14:30:40.591+0000] {manager.py:997} INFO - 
================================================================================
DAG File Processing Stats

File Path                                     PID    Runtime      # DAGs    # Errors  Last Runtime    Last Run               Last # of DB Queries
--------------------------------------------  -----  ---------  --------  ----------  --------------  -------------------  ----------------------
/opt/airflow/dags/dag_taxi_data_loader.py                              1           0  0.73s           2025-05-22T14:30:18                      12
/opt/airflow/dags/dag_taxi_data_extractor.py                           1           0  0.65s           2025-05-22T14:30:18                      12
/opt/airflow/dags/dag_first_model.py                                   1           0  0.16s           2025-05-22T14:30:18                      12
================================================================================
[2025-05-22T14:30:59.395+0000] {manager.py:821} INFO - Searching for files in /opt/airflow/dags
[2025-05-22T14:30:59.429+0000] {manager.py:824} INFO - There are 3 files in /opt/airflow/dags
[2025-05-22T14:31:11.528+0000] {manager.py:997} INFO - 
================================================================================
DAG File Processing Stats

File Path                                     PID    Runtime      # DAGs    # Errors  Last Runtime    Last Run               Last # of DB Queries
--------------------------------------------  -----  ---------  --------  ----------  --------------  -------------------  ----------------------
/opt/airflow/dags/dag_taxi_data_loader.py                              1           0  0.74s           2025-05-22T14:30:49                      12
/opt/airflow/dags/dag_taxi_data_extractor.py                           1           0  0.69s           2025-05-22T14:30:49                      12
/opt/airflow/dags/dag_first_model.py                                   1           0  0.11s           2025-05-22T14:30:49                      12
================================================================================
[2025-05-22T14:31:41.534+0000] {manager.py:997} INFO - 
================================================================================
DAG File Processing Stats

File Path                                     PID    Runtime      # DAGs    # Errors  Last Runtime    Last Run               Last # of DB Queries
--------------------------------------------  -----  ---------  --------  ----------  --------------  -------------------  ----------------------
/opt/airflow/dags/dag_taxi_data_extractor.py                           1           0  0.77s           2025-05-22T14:31:20                      12
/opt/airflow/dags/dag_taxi_data_loader.py                              1           0  0.74s           2025-05-22T14:31:20                      12
/opt/airflow/dags/dag_first_model.py                                   1           0  0.11s           2025-05-22T14:31:20                      12
================================================================================
[2025-05-22T14:32:11.592+0000] {manager.py:997} INFO - 
================================================================================
DAG File Processing Stats

File Path                                     PID    Runtime      # DAGs    # Errors  Last Runtime    Last Run               Last # of DB Queries
--------------------------------------------  -----  ---------  --------  ----------  --------------  -------------------  ----------------------
/opt/airflow/dags/dag_taxi_data_loader.py                              1           0  0.84s           2025-05-22T14:31:51                      12
/opt/airflow/dags/dag_taxi_data_extractor.py                           1           0  0.76s           2025-05-22T14:31:51                      12
/opt/airflow/dags/dag_first_model.py                                   1           0  0.14s           2025-05-22T14:31:51                      12
================================================================================
[2025-05-22T14:32:41.913+0000] {manager.py:997} INFO - 
================================================================================
DAG File Processing Stats

File Path                                     PID    Runtime      # DAGs    # Errors  Last Runtime    Last Run               Last # of DB Queries
--------------------------------------------  -----  ---------  --------  ----------  --------------  -------------------  ----------------------
/opt/airflow/dags/dag_taxi_data_extractor.py                           1           0  7.13s           2025-05-22T14:32:28                      12
/opt/airflow/dags/dag_taxi_data_loader.py                              1           0  6.95s           2025-05-22T14:32:28                      12
/opt/airflow/dags/dag_first_model.py                                   1           0  0.28s           2025-05-22T14:32:28                      12
================================================================================
[2025-05-22T14:33:12.447+0000] {manager.py:997} INFO - 
================================================================================
DAG File Processing Stats

File Path                                     PID    Runtime      # DAGs    # Errors  Last Runtime    Last Run               Last # of DB Queries
--------------------------------------------  -----  ---------  --------  ----------  --------------  -------------------  ----------------------
/opt/airflow/dags/dag_taxi_data_extractor.py                           1           0  11.37s          2025-05-22T14:33:10                      12
/opt/airflow/dags/dag_taxi_data_loader.py                              1           0  11.22s          2025-05-22T14:33:10                      12
/opt/airflow/dags/dag_first_model.py                                   1           0  0.25s           2025-05-22T14:33:10                      12
================================================================================
[2025-05-22T14:33:42.565+0000] {manager.py:997} INFO - 
================================================================================
DAG File Processing Stats

File Path                                     PID    Runtime      # DAGs    # Errors  Last Runtime    Last Run               Last # of DB Queries
--------------------------------------------  -----  ---------  --------  ----------  --------------  -------------------  ----------------------
/opt/airflow/dags/dag_taxi_data_loader.py                              1           0  1.68s           2025-05-22T14:33:42                      12
/opt/airflow/dags/dag_taxi_data_extractor.py                           1           0  1.66s           2025-05-22T14:33:42                      12
/opt/airflow/dags/dag_first_model.py                                   1           0  0.23s           2025-05-22T14:33:42                      12
================================================================================
[2025-05-22T14:34:00.723+0000] {manager.py:465} INFO - Exiting gracefully upon receiving signal 15
[2025-05-22T14:42:54.768+0000] {manager.py:483} INFO - Processing files using up to 2 processes at a time 
[2025-05-22T14:42:54.768+0000] {manager.py:484} INFO - Process each file at most once every 30 seconds
[2025-05-22T14:42:54.769+0000] {manager.py:485} INFO - Checking for new files in /opt/airflow/dags every 300 seconds
[2025-05-22T14:42:54.769+0000] {manager.py:821} INFO - Searching for files in /opt/airflow/dags
[2025-05-22T14:42:54.808+0000] {manager.py:824} INFO - There are 3 files in /opt/airflow/dags
[2025-05-22T14:42:55.535+0000] {manager.py:997} INFO - 
================================================================================
DAG File Processing Stats

File Path                                       PID  Runtime      # DAGs    # Errors  Last Runtime    Last Run      Last # of DB Queries
--------------------------------------------  -----  ---------  --------  ----------  --------------  ----------  ----------------------
/opt/airflow/dags/dag_first_model.py                                   0           0                                                   0
/opt/airflow/dags/dag_taxi_data_extractor.py     58  0.02s             0           0                                                   0
/opt/airflow/dags/dag_taxi_data_loader.py        57  0.03s             0           0                                                   0
================================================================================
[2025-05-22T14:43:25.784+0000] {manager.py:997} INFO - 
================================================================================
DAG File Processing Stats

File Path                                     PID    Runtime      # DAGs    # Errors  Last Runtime    Last Run               Last # of DB Queries
--------------------------------------------  -----  ---------  --------  ----------  --------------  -------------------  ----------------------
/opt/airflow/dags/dag_taxi_data_loader.py                              1           0  4.16s           2025-05-22T14:42:59                      12
/opt/airflow/dags/dag_taxi_data_extractor.py                           1           0  3.93s           2025-05-22T14:42:59                      12
/opt/airflow/dags/dag_first_model.py                                   1           0  0.14s           2025-05-22T14:42:59                      12
================================================================================
[2025-05-22T14:43:56.035+0000] {manager.py:997} INFO - 
================================================================================
DAG File Processing Stats

File Path                                     PID    Runtime      # DAGs    # Errors  Last Runtime    Last Run               Last # of DB Queries
--------------------------------------------  -----  ---------  --------  ----------  --------------  -------------------  ----------------------
/opt/airflow/dags/dag_taxi_data_loader.py                              1           0  1.34s           2025-05-22T14:43:31                      12
/opt/airflow/dags/dag_taxi_data_extractor.py                           1           0  1.32s           2025-05-22T14:43:31                      12
/opt/airflow/dags/dag_first_model.py                                   1           0  0.75s           2025-05-22T14:43:31                      12
================================================================================
[2025-05-22T14:44:26.063+0000] {manager.py:997} INFO - 
================================================================================
DAG File Processing Stats

File Path                                     PID    Runtime      # DAGs    # Errors  Last Runtime    Last Run               Last # of DB Queries
--------------------------------------------  -----  ---------  --------  ----------  --------------  -------------------  ----------------------
/opt/airflow/dags/dag_taxi_data_loader.py                              1           0  0.79s           2025-05-22T14:44:02                      12
/opt/airflow/dags/dag_taxi_data_extractor.py                           1           0  0.70s           2025-05-22T14:44:02                      12
/opt/airflow/dags/dag_first_model.py                                   1           0  0.13s           2025-05-22T14:44:02                      12
================================================================================
[2025-05-22T14:44:56.958+0000] {manager.py:997} INFO - 
================================================================================
DAG File Processing Stats

File Path                                     PID    Runtime      # DAGs    # Errors  Last Runtime    Last Run               Last # of DB Queries
--------------------------------------------  -----  ---------  --------  ----------  --------------  -------------------  ----------------------
/opt/airflow/dags/dag_taxi_data_extractor.py                           1           0  0.68s           2025-05-22T14:44:33                      12
/opt/airflow/dags/dag_taxi_data_loader.py                              1           0  0.68s           2025-05-22T14:44:33                      12
/opt/airflow/dags/dag_first_model.py                                   1           0  0.11s           2025-05-22T14:44:33                      12
================================================================================
[2025-05-22T14:45:26.981+0000] {manager.py:997} INFO - 
================================================================================
DAG File Processing Stats

File Path                                     PID    Runtime      # DAGs    # Errors  Last Runtime    Last Run               Last # of DB Queries
--------------------------------------------  -----  ---------  --------  ----------  --------------  -------------------  ----------------------
/opt/airflow/dags/dag_taxi_data_loader.py                              1           0  0.78s           2025-05-22T14:45:04                      12
/opt/airflow/dags/dag_taxi_data_extractor.py                           1           0  0.70s           2025-05-22T14:45:04                      12
/opt/airflow/dags/dag_first_model.py                                   1           0  0.12s           2025-05-22T14:45:04                      12
================================================================================
[2025-05-22T14:45:57.891+0000] {manager.py:997} INFO - 
================================================================================
DAG File Processing Stats

File Path                                     PID    Runtime      # DAGs    # Errors  Last Runtime    Last Run               Last # of DB Queries
--------------------------------------------  -----  ---------  --------  ----------  --------------  -------------------  ----------------------
/opt/airflow/dags/dag_taxi_data_loader.py                              1           0  0.73s           2025-05-22T14:45:35                      12
/opt/airflow/dags/dag_taxi_data_extractor.py                           1           0  0.65s           2025-05-22T14:45:35                      12
/opt/airflow/dags/dag_first_model.py                                   1           0  0.13s           2025-05-22T14:45:35                      12
================================================================================
[2025-05-22T14:46:28.722+0000] {manager.py:997} INFO - 
================================================================================
DAG File Processing Stats

File Path                                     PID    Runtime      # DAGs    # Errors  Last Runtime    Last Run               Last # of DB Queries
--------------------------------------------  -----  ---------  --------  ----------  --------------  -------------------  ----------------------
/opt/airflow/dags/dag_taxi_data_loader.py                              1           0  0.61s           2025-05-22T14:46:06                      12
/opt/airflow/dags/dag_taxi_data_extractor.py                           1           0  0.60s           2025-05-22T14:46:06                      12
/opt/airflow/dags/dag_first_model.py                                   1           0  0.10s           2025-05-22T14:46:06                      12
================================================================================
[2025-05-22T14:46:58.731+0000] {manager.py:997} INFO - 
================================================================================
DAG File Processing Stats

File Path                                     PID    Runtime      # DAGs    # Errors  Last Runtime    Last Run               Last # of DB Queries
--------------------------------------------  -----  ---------  --------  ----------  --------------  -------------------  ----------------------
/opt/airflow/dags/dag_taxi_data_extractor.py                           1           0  0.77s           2025-05-22T14:46:37                      12
/opt/airflow/dags/dag_taxi_data_loader.py                              1           0  0.76s           2025-05-22T14:46:37                      12
/opt/airflow/dags/dag_first_model.py                                   1           0  0.15s           2025-05-22T14:46:37                      12
================================================================================
[2025-05-22T14:47:28.761+0000] {manager.py:997} INFO - 
================================================================================
DAG File Processing Stats

File Path                                     PID    Runtime      # DAGs    # Errors  Last Runtime    Last Run               Last # of DB Queries
--------------------------------------------  -----  ---------  --------  ----------  --------------  -------------------  ----------------------
/opt/airflow/dags/dag_taxi_data_loader.py                              1           0  0.80s           2025-05-22T14:47:08                      12
/opt/airflow/dags/dag_taxi_data_extractor.py                           1           0  0.69s           2025-05-22T14:47:08                      12
/opt/airflow/dags/dag_first_model.py                                   1           0  0.16s           2025-05-22T14:47:08                      12
================================================================================
[2025-05-22T14:47:55.633+0000] {manager.py:821} INFO - Searching for files in /opt/airflow/dags
[2025-05-22T14:47:55.672+0000] {manager.py:824} INFO - There are 3 files in /opt/airflow/dags
[2025-05-22T14:47:59.711+0000] {manager.py:997} INFO - 
================================================================================
DAG File Processing Stats

File Path                                     PID    Runtime      # DAGs    # Errors  Last Runtime    Last Run               Last # of DB Queries
--------------------------------------------  -----  ---------  --------  ----------  --------------  -------------------  ----------------------
/opt/airflow/dags/dag_taxi_data_loader.py                              1           0  0.69s           2025-05-22T14:47:39                      12
/opt/airflow/dags/dag_taxi_data_extractor.py                           1           0  0.65s           2025-05-22T14:47:39                      12
/opt/airflow/dags/dag_first_model.py                                   1           0  0.10s           2025-05-22T14:47:39                      12
================================================================================
[2025-05-22T14:48:30.616+0000] {manager.py:997} INFO - 
================================================================================
DAG File Processing Stats

File Path                                     PID    Runtime      # DAGs    # Errors  Last Runtime    Last Run               Last # of DB Queries
--------------------------------------------  -----  ---------  --------  ----------  --------------  -------------------  ----------------------
/opt/airflow/dags/dag_taxi_data_loader.py                              1           0  0.70s           2025-05-22T14:48:10                      12
/opt/airflow/dags/dag_taxi_data_extractor.py                           1           0  0.63s           2025-05-22T14:48:10                      12
/opt/airflow/dags/dag_first_model.py                                   1           0  0.15s           2025-05-22T14:48:10                      12
================================================================================
[2025-05-22T14:49:00.634+0000] {manager.py:997} INFO - 
================================================================================
DAG File Processing Stats

File Path                                     PID    Runtime      # DAGs    # Errors  Last Runtime    Last Run               Last # of DB Queries
--------------------------------------------  -----  ---------  --------  ----------  --------------  -------------------  ----------------------
/opt/airflow/dags/dag_taxi_data_loader.py                              1           0  0.75s           2025-05-22T14:48:41                      12
/opt/airflow/dags/dag_taxi_data_extractor.py                           1           0  0.68s           2025-05-22T14:48:41                      12
/opt/airflow/dags/dag_first_model.py                                   1           0  0.13s           2025-05-22T14:48:41                      12
================================================================================
[2025-05-22T14:49:30.756+0000] {manager.py:997} INFO - 
================================================================================
DAG File Processing Stats

File Path                                     PID    Runtime      # DAGs    # Errors  Last Runtime    Last Run               Last # of DB Queries
--------------------------------------------  -----  ---------  --------  ----------  --------------  -------------------  ----------------------
/opt/airflow/dags/dag_taxi_data_loader.py                              1           0  0.80s           2025-05-22T14:49:12                      12
/opt/airflow/dags/dag_taxi_data_extractor.py                           1           0  0.78s           2025-05-22T14:49:12                      12
/opt/airflow/dags/dag_first_model.py                                   1           0  0.19s           2025-05-22T14:49:12                      12
================================================================================
[2025-05-22T14:50:01.468+0000] {manager.py:997} INFO - 
================================================================================
DAG File Processing Stats

File Path                                     PID    Runtime      # DAGs    # Errors  Last Runtime    Last Run               Last # of DB Queries
--------------------------------------------  -----  ---------  --------  ----------  --------------  -------------------  ----------------------
/opt/airflow/dags/dag_taxi_data_loader.py                              1           0  0.66s           2025-05-22T14:49:43                      12
/opt/airflow/dags/dag_taxi_data_extractor.py                           1           0  0.64s           2025-05-22T14:49:43                      12
/opt/airflow/dags/dag_first_model.py                                   1           0  0.10s           2025-05-22T14:49:43                      12
================================================================================
[2025-05-22T14:50:32.347+0000] {manager.py:997} INFO - 
================================================================================
DAG File Processing Stats

File Path                                     PID    Runtime      # DAGs    # Errors  Last Runtime    Last Run               Last # of DB Queries
--------------------------------------------  -----  ---------  --------  ----------  --------------  -------------------  ----------------------
/opt/airflow/dags/dag_taxi_data_loader.py                              1           0  0.66s           2025-05-22T14:50:14                      12
/opt/airflow/dags/dag_taxi_data_extractor.py                           1           0  0.59s           2025-05-22T14:50:14                      12
/opt/airflow/dags/dag_first_model.py                                   1           0  0.12s           2025-05-22T14:50:14                      12
================================================================================
[2025-05-22T14:51:02.398+0000] {manager.py:997} INFO - 
================================================================================
DAG File Processing Stats

File Path                                     PID    Runtime      # DAGs    # Errors  Last Runtime    Last Run               Last # of DB Queries
--------------------------------------------  -----  ---------  --------  ----------  --------------  -------------------  ----------------------
/opt/airflow/dags/dag_taxi_data_loader.py                              1           0  0.84s           2025-05-22T14:50:45                      12
/opt/airflow/dags/dag_taxi_data_extractor.py                           1           0  0.80s           2025-05-22T14:50:45                      12
/opt/airflow/dags/dag_first_model.py                                   1           0  0.13s           2025-05-22T14:50:45                      12
================================================================================
[2025-05-22T14:51:33.258+0000] {manager.py:997} INFO - 
================================================================================
DAG File Processing Stats

File Path                                     PID    Runtime      # DAGs    # Errors  Last Runtime    Last Run               Last # of DB Queries
--------------------------------------------  -----  ---------  --------  ----------  --------------  -------------------  ----------------------
/opt/airflow/dags/dag_taxi_data_loader.py                              1           0  0.65s           2025-05-22T14:51:16                      12
/opt/airflow/dags/dag_taxi_data_extractor.py                           1           0  0.58s           2025-05-22T14:51:16                      12
/opt/airflow/dags/dag_first_model.py                                   1           0  0.12s           2025-05-22T14:51:16                      12
================================================================================
[2025-05-22T14:52:03.280+0000] {manager.py:997} INFO - 
================================================================================
DAG File Processing Stats

File Path                                     PID    Runtime      # DAGs    # Errors  Last Runtime    Last Run               Last # of DB Queries
--------------------------------------------  -----  ---------  --------  ----------  --------------  -------------------  ----------------------
/opt/airflow/dags/dag_taxi_data_loader.py                              1           0  0.75s           2025-05-22T14:51:47                      12
/opt/airflow/dags/dag_taxi_data_extractor.py                           1           0  0.68s           2025-05-22T14:51:47                      12
/opt/airflow/dags/dag_first_model.py                                   1           0  0.13s           2025-05-22T14:51:47                      12
================================================================================
[2025-05-22T14:52:34.064+0000] {manager.py:997} INFO - 
================================================================================
DAG File Processing Stats

File Path                                     PID    Runtime      # DAGs    # Errors  Last Runtime    Last Run               Last # of DB Queries
--------------------------------------------  -----  ---------  --------  ----------  --------------  -------------------  ----------------------
/opt/airflow/dags/dag_taxi_data_loader.py                              1           0  0.63s           2025-05-22T14:52:17                      12
/opt/airflow/dags/dag_taxi_data_extractor.py                           1           0  0.62s           2025-05-22T14:52:17                      12
/opt/airflow/dags/dag_first_model.py                                   1           0  0.09s           2025-05-22T14:52:18                      12
================================================================================
[2025-05-22T14:52:55.936+0000] {manager.py:821} INFO - Searching for files in /opt/airflow/dags
[2025-05-22T14:52:55.966+0000] {manager.py:824} INFO - There are 3 files in /opt/airflow/dags
[2025-05-22T14:53:04.128+0000] {manager.py:997} INFO - 
================================================================================
DAG File Processing Stats

File Path                                     PID    Runtime      # DAGs    # Errors  Last Runtime    Last Run               Last # of DB Queries
--------------------------------------------  -----  ---------  --------  ----------  --------------  -------------------  ----------------------
/opt/airflow/dags/dag_taxi_data_extractor.py                           1           0  0.70s           2025-05-22T14:52:48                      12
/opt/airflow/dags/dag_taxi_data_loader.py                              1           0  0.69s           2025-05-22T14:52:48                      12
/opt/airflow/dags/dag_first_model.py                                   1           0  0.15s           2025-05-22T14:52:49                      12
================================================================================
[2025-05-22T14:53:34.319+0000] {manager.py:997} INFO - 
================================================================================
DAG File Processing Stats

File Path                                     PID    Runtime      # DAGs    # Errors  Last Runtime    Last Run               Last # of DB Queries
--------------------------------------------  -----  ---------  --------  ----------  --------------  -------------------  ----------------------
/opt/airflow/dags/dag_taxi_data_loader.py                              1           0  0.84s           2025-05-22T14:53:19                      12
/opt/airflow/dags/dag_taxi_data_extractor.py                           1           0  0.81s           2025-05-22T14:53:19                      12
/opt/airflow/dags/dag_first_model.py                                   1           0  0.71s           2025-05-22T14:53:20                      12
================================================================================
[2025-05-22T14:54:05.153+0000] {manager.py:997} INFO - 
================================================================================
DAG File Processing Stats

File Path                                     PID    Runtime      # DAGs    # Errors  Last Runtime    Last Run               Last # of DB Queries
--------------------------------------------  -----  ---------  --------  ----------  --------------  -------------------  ----------------------
/opt/airflow/dags/dag_taxi_data_loader.py                              1           0  0.62s           2025-05-22T14:53:51                      12
/opt/airflow/dags/dag_taxi_data_extractor.py                           1           0  0.61s           2025-05-22T14:53:51                      12
/opt/airflow/dags/dag_first_model.py                                   1           0  0.10s           2025-05-22T14:53:51                      12
================================================================================
[2025-05-22T14:54:36.085+0000] {manager.py:997} INFO - 
================================================================================
DAG File Processing Stats

File Path                                     PID    Runtime      # DAGs    # Errors  Last Runtime    Last Run               Last # of DB Queries
--------------------------------------------  -----  ---------  --------  ----------  --------------  -------------------  ----------------------
/opt/airflow/dags/dag_taxi_data_loader.py                              1           0  0.70s           2025-05-22T14:54:21                      12
/opt/airflow/dags/dag_taxi_data_extractor.py                           1           0  0.65s           2025-05-22T14:54:21                      12
/opt/airflow/dags/dag_first_model.py                                   1           0  0.10s           2025-05-22T14:54:22                      12
================================================================================
[2025-05-22T14:55:06.949+0000] {manager.py:997} INFO - 
================================================================================
DAG File Processing Stats

File Path                                     PID    Runtime      # DAGs    # Errors  Last Runtime    Last Run               Last # of DB Queries
--------------------------------------------  -----  ---------  --------  ----------  --------------  -------------------  ----------------------
/opt/airflow/dags/dag_taxi_data_loader.py                              1           0  0.65s           2025-05-22T14:54:52                      12
/opt/airflow/dags/dag_taxi_data_extractor.py                           1           0  0.62s           2025-05-22T14:54:52                      12
/opt/airflow/dags/dag_first_model.py                                   1           0  0.09s           2025-05-22T14:54:52                      12
================================================================================
[2025-05-22T14:55:37.881+0000] {manager.py:997} INFO - 
================================================================================
DAG File Processing Stats

File Path                                     PID    Runtime      # DAGs    # Errors  Last Runtime    Last Run               Last # of DB Queries
--------------------------------------------  -----  ---------  --------  ----------  --------------  -------------------  ----------------------
/opt/airflow/dags/dag_taxi_data_loader.py                              1           0  0.68s           2025-05-22T14:55:23                      12
/opt/airflow/dags/dag_taxi_data_extractor.py                           1           0  0.62s           2025-05-22T14:55:23                      12
/opt/airflow/dags/dag_first_model.py                                   1           0  0.11s           2025-05-22T14:55:23                      12
================================================================================
[2025-05-22T14:56:08.744+0000] {manager.py:997} INFO - 
================================================================================
DAG File Processing Stats

File Path                                     PID    Runtime      # DAGs    # Errors  Last Runtime    Last Run               Last # of DB Queries
--------------------------------------------  -----  ---------  --------  ----------  --------------  -------------------  ----------------------
/opt/airflow/dags/dag_taxi_data_extractor.py                           1           0  0.64s           2025-05-22T14:55:54                      12
/opt/airflow/dags/dag_taxi_data_loader.py                              1           0  0.64s           2025-05-22T14:55:54                      12
/opt/airflow/dags/dag_first_model.py                                   1           0  0.12s           2025-05-22T14:55:54                      12
================================================================================
[2025-05-22T14:56:39.616+0000] {manager.py:997} INFO - 
================================================================================
DAG File Processing Stats

File Path                                     PID    Runtime      # DAGs    # Errors  Last Runtime    Last Run               Last # of DB Queries
--------------------------------------------  -----  ---------  --------  ----------  --------------  -------------------  ----------------------
/opt/airflow/dags/dag_taxi_data_loader.py                              1           0  0.67s           2025-05-22T14:56:25                      12
/opt/airflow/dags/dag_taxi_data_extractor.py                           1           0  0.65s           2025-05-22T14:56:25                      12
/opt/airflow/dags/dag_first_model.py                                   1           0  0.10s           2025-05-22T14:56:25                      12
================================================================================
[2025-05-22T14:57:10.569+0000] {manager.py:997} INFO - 
================================================================================
DAG File Processing Stats

File Path                                     PID    Runtime      # DAGs    # Errors  Last Runtime    Last Run               Last # of DB Queries
--------------------------------------------  -----  ---------  --------  ----------  --------------  -------------------  ----------------------
/opt/airflow/dags/dag_taxi_data_loader.py                              1           0  0.73s           2025-05-22T14:56:56                      12
/opt/airflow/dags/dag_taxi_data_extractor.py                           1           0  0.67s           2025-05-22T14:56:56                      12
/opt/airflow/dags/dag_first_model.py                                   1           0  0.10s           2025-05-22T14:56:56                      12
================================================================================
[2025-05-22T14:57:41.433+0000] {manager.py:997} INFO - 
================================================================================
DAG File Processing Stats

File Path                                     PID    Runtime      # DAGs    # Errors  Last Runtime    Last Run               Last # of DB Queries
--------------------------------------------  -----  ---------  --------  ----------  --------------  -------------------  ----------------------
/opt/airflow/dags/dag_taxi_data_loader.py                              1           0  0.65s           2025-05-22T14:57:27                      12
/opt/airflow/dags/dag_taxi_data_extractor.py                           1           0  0.58s           2025-05-22T14:57:27                      12
/opt/airflow/dags/dag_first_model.py                                   1           0  0.11s           2025-05-22T14:57:27                      12
================================================================================
[2025-05-22T14:57:56.532+0000] {manager.py:821} INFO - Searching for files in /opt/airflow/dags
[2025-05-22T14:57:56.559+0000] {manager.py:824} INFO - There are 3 files in /opt/airflow/dags
[2025-05-22T14:58:12.325+0000] {manager.py:997} INFO - 
================================================================================
DAG File Processing Stats

File Path                                     PID    Runtime      # DAGs    # Errors  Last Runtime    Last Run               Last # of DB Queries
--------------------------------------------  -----  ---------  --------  ----------  --------------  -------------------  ----------------------
/opt/airflow/dags/dag_taxi_data_extractor.py                           1           0  0.64s           2025-05-22T14:57:58                      12
/opt/airflow/dags/dag_taxi_data_loader.py                              1           0  0.64s           2025-05-22T14:57:58                      12
/opt/airflow/dags/dag_first_model.py                                   1           0  0.10s           2025-05-22T14:57:58                      12
================================================================================
[2025-05-22T14:58:43.158+0000] {manager.py:997} INFO - 
================================================================================
DAG File Processing Stats

File Path                                     PID    Runtime      # DAGs    # Errors  Last Runtime    Last Run               Last # of DB Queries
--------------------------------------------  -----  ---------  --------  ----------  --------------  -------------------  ----------------------
/opt/airflow/dags/dag_taxi_data_extractor.py                           1           0  0.62s           2025-05-22T14:58:29                      12
/opt/airflow/dags/dag_taxi_data_loader.py                              1           0  0.62s           2025-05-22T14:58:29                      12
/opt/airflow/dags/dag_first_model.py                                   1           0  0.09s           2025-05-22T14:58:29                      12
================================================================================
[2025-05-22T14:59:13.160+0000] {manager.py:997} INFO - 
================================================================================
DAG File Processing Stats

File Path                                     PID    Runtime      # DAGs    # Errors  Last Runtime    Last Run               Last # of DB Queries
--------------------------------------------  -----  ---------  --------  ----------  --------------  -------------------  ----------------------
/opt/airflow/dags/dag_taxi_data_loader.py                              1           0  0.70s           2025-05-22T14:58:59                      12
/opt/airflow/dags/dag_taxi_data_extractor.py                           1           0  0.69s           2025-05-22T14:58:59                      12
/opt/airflow/dags/dag_first_model.py                                   1           0  0.11s           2025-05-22T14:59:00                      12
================================================================================
[2025-05-22T14:59:44.029+0000] {manager.py:997} INFO - 
================================================================================
DAG File Processing Stats

File Path                                     PID    Runtime      # DAGs    # Errors  Last Runtime    Last Run               Last # of DB Queries
--------------------------------------------  -----  ---------  --------  ----------  --------------  -------------------  ----------------------
/opt/airflow/dags/dag_taxi_data_loader.py                              1           0  0.73s           2025-05-22T14:59:30                      12
/opt/airflow/dags/dag_taxi_data_extractor.py                           1           0  0.67s           2025-05-22T14:59:30                      12
/opt/airflow/dags/dag_first_model.py                                   1           0  0.14s           2025-05-22T14:59:31                      12
================================================================================
[2025-05-22T15:00:14.866+0000] {manager.py:997} INFO - 
================================================================================
DAG File Processing Stats

File Path                                     PID    Runtime      # DAGs    # Errors  Last Runtime    Last Run               Last # of DB Queries
--------------------------------------------  -----  ---------  --------  ----------  --------------  -------------------  ----------------------
/opt/airflow/dags/dag_taxi_data_loader.py                              1           0  0.63s           2025-05-22T15:00:01                      12
/opt/airflow/dags/dag_taxi_data_extractor.py                           1           0  0.61s           2025-05-22T15:00:01                      12
/opt/airflow/dags/dag_first_model.py                                   1           0  0.09s           2025-05-22T15:00:01                      12
================================================================================
[2025-05-22T15:00:45.735+0000] {manager.py:997} INFO - 
================================================================================
DAG File Processing Stats

File Path                                     PID    Runtime      # DAGs    # Errors  Last Runtime    Last Run               Last # of DB Queries
--------------------------------------------  -----  ---------  --------  ----------  --------------  -------------------  ----------------------
/opt/airflow/dags/dag_taxi_data_loader.py                              1           0  0.65s           2025-05-22T15:00:32                      12
/opt/airflow/dags/dag_taxi_data_extractor.py                           1           0  0.58s           2025-05-22T15:00:32                      12
/opt/airflow/dags/dag_first_model.py                                   1           0  0.12s           2025-05-22T15:00:32                      12
================================================================================
[2025-05-22T15:01:16.599+0000] {manager.py:997} INFO - 
================================================================================
DAG File Processing Stats

File Path                                     PID    Runtime      # DAGs    # Errors  Last Runtime    Last Run               Last # of DB Queries
--------------------------------------------  -----  ---------  --------  ----------  --------------  -------------------  ----------------------
/opt/airflow/dags/dag_taxi_data_loader.py                              1           0  0.66s           2025-05-22T15:01:03                      12
/opt/airflow/dags/dag_taxi_data_extractor.py                           1           0  0.64s           2025-05-22T15:01:03                      12
/opt/airflow/dags/dag_first_model.py                                   1           0  0.09s           2025-05-22T15:01:03                      12
================================================================================
[2025-05-22T15:01:47.433+0000] {manager.py:997} INFO - 
================================================================================
DAG File Processing Stats

File Path                                     PID    Runtime      # DAGs    # Errors  Last Runtime    Last Run               Last # of DB Queries
--------------------------------------------  -----  ---------  --------  ----------  --------------  -------------------  ----------------------
/opt/airflow/dags/dag_taxi_data_extractor.py                           1           0  0.62s           2025-05-22T15:01:34                      12
/opt/airflow/dags/dag_taxi_data_loader.py                              1           0  0.61s           2025-05-22T15:01:34                      12
/opt/airflow/dags/dag_first_model.py                                   1           0  0.09s           2025-05-22T15:01:34                      12
================================================================================
[2025-05-22T15:02:17.502+0000] {manager.py:997} INFO - 
================================================================================
DAG File Processing Stats

File Path                                     PID    Runtime      # DAGs    # Errors  Last Runtime    Last Run               Last # of DB Queries
--------------------------------------------  -----  ---------  --------  ----------  --------------  -------------------  ----------------------
/opt/airflow/dags/dag_taxi_data_loader.py                              1           0  0.86s           2025-05-22T15:02:05                      12
/opt/airflow/dags/dag_taxi_data_extractor.py                           1           0  0.83s           2025-05-22T15:02:05                      12
/opt/airflow/dags/dag_first_model.py                                   1           0  0.14s           2025-05-22T15:02:05                      12
================================================================================
[2025-05-22T15:02:48.307+0000] {manager.py:997} INFO - 
================================================================================
DAG File Processing Stats

File Path                                     PID    Runtime      # DAGs    # Errors  Last Runtime    Last Run               Last # of DB Queries
--------------------------------------------  -----  ---------  --------  ----------  --------------  -------------------  ----------------------
/opt/airflow/dags/dag_taxi_data_loader.py                              1           0  0.59s           2025-05-22T15:02:36                      12
/opt/airflow/dags/dag_taxi_data_extractor.py                           1           0  0.57s           2025-05-22T15:02:36                      12
/opt/airflow/dags/dag_first_model.py                                   1           0  0.09s           2025-05-22T15:02:36                      12
================================================================================
[2025-05-22T15:02:57.365+0000] {manager.py:821} INFO - Searching for files in /opt/airflow/dags
[2025-05-22T15:02:57.400+0000] {manager.py:824} INFO - There are 3 files in /opt/airflow/dags
[2025-05-22T15:03:16.916+0000] {manager.py:465} INFO - Exiting gracefully upon receiving signal 15
[2025-05-22T15:16:09.715+0000] {manager.py:483} INFO - Processing files using up to 2 processes at a time 
[2025-05-22T15:16:09.716+0000] {manager.py:484} INFO - Process each file at most once every 30 seconds
[2025-05-22T15:16:09.716+0000] {manager.py:485} INFO - Checking for new files in /opt/airflow/dags every 300 seconds
[2025-05-22T15:16:09.717+0000] {manager.py:821} INFO - Searching for files in /opt/airflow/dags
[2025-05-22T15:16:09.751+0000] {manager.py:824} INFO - There are 3 files in /opt/airflow/dags
[2025-05-22T15:16:09.841+0000] {manager.py:997} INFO - 
================================================================================
DAG File Processing Stats

File Path                                       PID  Runtime      # DAGs    # Errors  Last Runtime    Last Run      Last # of DB Queries
--------------------------------------------  -----  ---------  --------  ----------  --------------  ----------  ----------------------
/opt/airflow/dags/dag_first_model.py                                   0           0                                                   0
/opt/airflow/dags/dag_taxi_data_extractor.py     57  0.02s             0           0                                                   0
/opt/airflow/dags/dag_taxi_data_loader.py        56  0.03s             0           0                                                   0
================================================================================
[2025-05-22T15:16:40.048+0000] {manager.py:997} INFO - 
================================================================================
DAG File Processing Stats

File Path                                     PID    Runtime      # DAGs    # Errors  Last Runtime    Last Run               Last # of DB Queries
--------------------------------------------  -----  ---------  --------  ----------  --------------  -------------------  ----------------------
/opt/airflow/dags/dag_taxi_data_extractor.py                           1           0  2.04s           2025-05-22T15:16:11                      12
/opt/airflow/dags/dag_taxi_data_loader.py                              1           0  2.04s           2025-05-22T15:16:11                      12
/opt/airflow/dags/dag_first_model.py                                   1           0  0.12s           2025-05-22T15:16:11                      12
================================================================================
[2025-05-22T15:17:10.977+0000] {manager.py:997} INFO - 
================================================================================
DAG File Processing Stats

File Path                                     PID    Runtime      # DAGs    # Errors  Last Runtime    Last Run               Last # of DB Queries
--------------------------------------------  -----  ---------  --------  ----------  --------------  -------------------  ----------------------
/opt/airflow/dags/dag_taxi_data_loader.py                              1           0  0.71s           2025-05-22T15:16:42                      12
/opt/airflow/dags/dag_taxi_data_extractor.py                           1           0  0.66s           2025-05-22T15:16:42                      12
/opt/airflow/dags/dag_first_model.py                                   1           0  0.11s           2025-05-22T15:16:42                      12
================================================================================
[2025-05-22T15:17:41.807+0000] {manager.py:997} INFO - 
================================================================================
DAG File Processing Stats

File Path                                     PID    Runtime      # DAGs    # Errors  Last Runtime    Last Run               Last # of DB Queries
--------------------------------------------  -----  ---------  --------  ----------  --------------  -------------------  ----------------------
/opt/airflow/dags/dag_taxi_data_loader.py                              1           0  0.62s           2025-05-22T15:17:13                      12
/opt/airflow/dags/dag_taxi_data_extractor.py                           1           0  0.60s           2025-05-22T15:17:13                      12
/opt/airflow/dags/dag_first_model.py                                   1           0  0.11s           2025-05-22T15:17:13                      12
================================================================================
[2025-05-22T15:18:12.588+0000] {manager.py:997} INFO - 
================================================================================
DAG File Processing Stats

File Path                                     PID    Runtime      # DAGs    # Errors  Last Runtime    Last Run               Last # of DB Queries
--------------------------------------------  -----  ---------  --------  ----------  --------------  -------------------  ----------------------
/opt/airflow/dags/dag_taxi_data_loader.py                              1           0  0.69s           2025-05-22T15:17:44                      12
/opt/airflow/dags/dag_taxi_data_extractor.py                           1           0  0.55s           2025-05-22T15:17:44                      12
/opt/airflow/dags/dag_first_model.py                                   1           0  0.12s           2025-05-22T15:17:44                      12
================================================================================
[2025-05-22T15:18:43.403+0000] {manager.py:997} INFO - 
================================================================================
DAG File Processing Stats

File Path                                     PID    Runtime      # DAGs    # Errors  Last Runtime    Last Run               Last # of DB Queries
--------------------------------------------  -----  ---------  --------  ----------  --------------  -------------------  ----------------------
/opt/airflow/dags/dag_taxi_data_extractor.py                           1           0  0.59s           2025-05-22T15:18:15                      12
/opt/airflow/dags/dag_taxi_data_loader.py                              1           0  0.57s           2025-05-22T15:18:15                      12
/opt/airflow/dags/dag_first_model.py                                   1           0  0.10s           2025-05-22T15:18:15                      12
================================================================================
[2025-05-22T15:19:14.261+0000] {manager.py:997} INFO - 
================================================================================
DAG File Processing Stats

File Path                                     PID    Runtime      # DAGs    # Errors  Last Runtime    Last Run               Last # of DB Queries
--------------------------------------------  -----  ---------  --------  ----------  --------------  -------------------  ----------------------
/opt/airflow/dags/dag_taxi_data_loader.py                              1           0  0.64s           2025-05-22T15:18:46                      12
/opt/airflow/dags/dag_taxi_data_extractor.py                           1           0  0.62s           2025-05-22T15:18:46                      12
/opt/airflow/dags/dag_first_model.py                                   1           0  0.09s           2025-05-22T15:18:46                      12
================================================================================
[2025-05-22T15:19:45.222+0000] {manager.py:997} INFO - 
================================================================================
DAG File Processing Stats

File Path                                     PID    Runtime      # DAGs    # Errors  Last Runtime    Last Run               Last # of DB Queries
--------------------------------------------  -----  ---------  --------  ----------  --------------  -------------------  ----------------------
/opt/airflow/dags/dag_taxi_data_loader.py                              1           0  0.73s           2025-05-22T15:19:17                      12
/opt/airflow/dags/dag_taxi_data_extractor.py                           1           0  0.65s           2025-05-22T15:19:16                      12
/opt/airflow/dags/dag_first_model.py                                   1           0  0.14s           2025-05-22T15:19:17                      12
================================================================================
[2025-05-22T15:20:16.110+0000] {manager.py:997} INFO - 
================================================================================
DAG File Processing Stats

File Path                                     PID    Runtime      # DAGs    # Errors  Last Runtime    Last Run               Last # of DB Queries
--------------------------------------------  -----  ---------  --------  ----------  --------------  -------------------  ----------------------
/opt/airflow/dags/dag_taxi_data_loader.py                              1           0  0.66s           2025-05-22T15:19:47                      12
/opt/airflow/dags/dag_taxi_data_extractor.py                           1           0  0.58s           2025-05-22T15:19:47                      12
/opt/airflow/dags/dag_first_model.py                                   1           0  0.12s           2025-05-22T15:19:47                      12
================================================================================
[2025-05-22T15:20:46.936+0000] {manager.py:997} INFO - 
================================================================================
DAG File Processing Stats

File Path                                     PID    Runtime      # DAGs    # Errors  Last Runtime    Last Run               Last # of DB Queries
--------------------------------------------  -----  ---------  --------  ----------  --------------  -------------------  ----------------------
/opt/airflow/dags/dag_taxi_data_loader.py                              1           0  0.62s           2025-05-22T15:20:18                      12
/opt/airflow/dags/dag_taxi_data_extractor.py                           1           0  0.60s           2025-05-22T15:20:18                      12
/opt/airflow/dags/dag_first_model.py                                   1           0  0.09s           2025-05-22T15:20:18                      12
================================================================================
[2025-05-22T15:21:09.745+0000] {manager.py:821} INFO - Searching for files in /opt/airflow/dags
[2025-05-22T15:21:09.775+0000] {manager.py:824} INFO - There are 3 files in /opt/airflow/dags
[2025-05-22T15:21:17.844+0000] {manager.py:997} INFO - 
================================================================================
DAG File Processing Stats

File Path                                     PID    Runtime      # DAGs    # Errors  Last Runtime    Last Run               Last # of DB Queries
--------------------------------------------  -----  ---------  --------  ----------  --------------  -------------------  ----------------------
/opt/airflow/dags/dag_taxi_data_loader.py                              1           0  0.64s           2025-05-22T15:20:49                      12
/opt/airflow/dags/dag_taxi_data_extractor.py                           1           0  0.56s           2025-05-22T15:20:49                      12
/opt/airflow/dags/dag_first_model.py                                   1           0  0.12s           2025-05-22T15:20:49                      12
================================================================================
[2025-05-22T15:21:48.687+0000] {manager.py:997} INFO - 
================================================================================
DAG File Processing Stats

File Path                                     PID    Runtime      # DAGs    # Errors  Last Runtime    Last Run               Last # of DB Queries
--------------------------------------------  -----  ---------  --------  ----------  --------------  -------------------  ----------------------
/opt/airflow/dags/dag_taxi_data_loader.py                              1           0  0.62s           2025-05-22T15:21:20                      12
/opt/airflow/dags/dag_taxi_data_extractor.py                           1           0  0.59s           2025-05-22T15:21:20                      12
/opt/airflow/dags/dag_first_model.py                                   1           0  0.13s           2025-05-22T15:21:20                      12
================================================================================
[2025-05-22T15:22:19.501+0000] {manager.py:997} INFO - 
================================================================================
DAG File Processing Stats

File Path                                     PID    Runtime      # DAGs    # Errors  Last Runtime    Last Run               Last # of DB Queries
--------------------------------------------  -----  ---------  --------  ----------  --------------  -------------------  ----------------------
/opt/airflow/dags/dag_taxi_data_loader.py                              1           0  0.59s           2025-05-22T15:21:51                      12
/opt/airflow/dags/dag_taxi_data_extractor.py                           1           0  0.55s           2025-05-22T15:21:51                      12
/opt/airflow/dags/dag_first_model.py                                   1           0  0.09s           2025-05-22T15:21:51                      12
================================================================================
[2025-05-22T15:22:28.161+0000] {manager.py:465} INFO - Exiting gracefully upon receiving signal 15
