[2025-05-21T13:50:18.088+0000] {local_task_job_runner.py:123} INFO - ::group::Pre task execution logs
[2025-05-21T13:50:18.106+0000] {taskinstance.py:2631} INFO - Dependencies all met for dep_context=non-requeueable deps ti=<TaskInstance: extract_concat_upload_to_gcs.run_etl manual__2025-05-21T13:42:52.127877+00:00 [queued]>
[2025-05-21T13:50:18.113+0000] {taskinstance.py:2631} INFO - Dependencies all met for dep_context=requeueable deps ti=<TaskInstance: extract_concat_upload_to_gcs.run_etl manual__2025-05-21T13:42:52.127877+00:00 [queued]>
[2025-05-21T13:50:18.113+0000] {taskinstance.py:2884} INFO - Starting attempt 3 of 4
[2025-05-21T13:50:18.160+0000] {taskinstance.py:2907} INFO - Executing <Task(PythonOperator): run_etl> on 2025-05-21 13:42:52.127877+00:00
[2025-05-21T13:50:18.166+0000] {warnings.py:112} WARNING - /home/***/.local/lib/python3.12/site-packages/***/task/task_runner/standard_task_runner.py:70: DeprecationWarning: This process (pid=178) is multi-threaded, use of fork() may lead to deadlocks in the child.
  pid = os.fork()

[2025-05-21T13:50:18.167+0000] {standard_task_runner.py:72} INFO - Started process 180 to run task
[2025-05-21T13:50:18.167+0000] {standard_task_runner.py:104} INFO - Running: ['***', 'tasks', 'run', 'extract_concat_upload_to_gcs', 'run_etl', 'manual__2025-05-21T13:42:52.127877+00:00', '--job-id', '44', '--raw', '--subdir', 'DAGS_FOLDER/dag_taxi_data_extractor.py', '--cfg-path', '/tmp/tmpg7bf5w5t']
[2025-05-21T13:50:18.169+0000] {standard_task_runner.py:105} INFO - Job 44: Subtask run_etl
[2025-05-21T13:50:18.223+0000] {task_command.py:467} INFO - Running <TaskInstance: extract_concat_upload_to_gcs.run_etl manual__2025-05-21T13:42:52.127877+00:00 [running]> on host 939a293d2c0e
[2025-05-21T13:50:18.355+0000] {taskinstance.py:3157} INFO - Exporting env vars: AIRFLOW_CTX_DAG_OWNER='***' AIRFLOW_CTX_DAG_ID='extract_concat_upload_to_gcs' AIRFLOW_CTX_TASK_ID='run_etl' AIRFLOW_CTX_EXECUTION_DATE='2025-05-21T13:42:52.127877+00:00' AIRFLOW_CTX_TRY_NUMBER='3' AIRFLOW_CTX_DAG_RUN_ID='manual__2025-05-21T13:42:52.127877+00:00'
[2025-05-21T13:50:18.356+0000] {taskinstance.py:740} INFO - ::endgroup::
[2025-05-21T13:50:18.365+0000] {logging_mixin.py:190} INFO - Base directory path /opt/***
[2025-05-21T13:50:18.365+0000] {logging_mixin.py:190} INFO - CSV folder path: /opt/***/data/csv
[2025-05-21T13:50:18.367+0000] {logging_mixin.py:190} INFO - CSV list of files: ['green_tripdata_0.csv', 'green_tripdata_1.csv', 'green_tripdata_10.csv', 'green_tripdata_11.csv', 'green_tripdata_12.csv', 'green_tripdata_13.csv', 'green_tripdata_14.csv', 'green_tripdata_15.csv', 'green_tripdata_16.csv', 'green_tripdata_17.csv', 'green_tripdata_18.csv', 'green_tripdata_19.csv', 'green_tripdata_2.csv', 'green_tripdata_20.csv', 'green_tripdata_21.csv', 'green_tripdata_22.csv', 'green_tripdata_23.csv', 'green_tripdata_24.csv', 'green_tripdata_25.csv', 'green_tripdata_26.csv', 'green_tripdata_27.csv', 'green_tripdata_28.csv', 'green_tripdata_29.csv', 'green_tripdata_3.csv', 'green_tripdata_30.csv', 'green_tripdata_31.csv', 'green_tripdata_32.csv', 'green_tripdata_33.csv', 'green_tripdata_34.csv', 'green_tripdata_35.csv', 'green_tripdata_4.csv', 'green_tripdata_5.csv', 'green_tripdata_6.csv', 'green_tripdata_7.csv', 'green_tripdata_8.csv', 'green_tripdata_9.csv']
[2025-05-21T13:50:18.367+0000] {logging_mixin.py:190} INFO - Reading CSV files...
[2025-05-21T13:50:19.441+0000] {logging_mixin.py:190} INFO - Concancenate CSV files...
[2025-05-21T13:50:19.495+0000] {logging_mixin.py:190} INFO - Base directory path /opt/***
[2025-05-21T13:50:19.496+0000] {logging_mixin.py:190} INFO - JSON folder path: /opt/***/data/json
[2025-05-21T13:50:19.501+0000] {logging_mixin.py:190} INFO - JSON list of files: ['green_tripdata_36.json', 'green_tripdata_37.json', 'green_tripdata_38.json', 'green_tripdata_39.json', 'green_tripdata_40.json', 'green_tripdata_41.json', 'green_tripdata_42.json', 'green_tripdata_43.json', 'green_tripdata_44.json', 'green_tripdata_45.json', 'green_tripdata_46.json', 'green_tripdata_47.json', 'green_tripdata_48.json', 'green_tripdata_49.json', 'green_tripdata_50.json', 'green_tripdata_51.json', 'green_tripdata_52.json']
[2025-05-21T13:50:19.502+0000] {logging_mixin.py:190} INFO - Reading JSON files...
[2025-05-21T13:50:22.543+0000] {logging_mixin.py:190} INFO - Concancenate JSON files...
[2025-05-21T13:50:22.570+0000] {logging_mixin.py:190} INFO - Concancenate CSV and JSON files...
[2025-05-21T13:50:28.056+0000] {logging_mixin.py:190} INFO - Saved combined CSV to /opt/***/data/taxi_data.csv
[2025-05-21T13:50:28.057+0000] {logging_mixin.py:190} INFO - Uploading /opt/***/data/taxi_data.csv to gs://jdeol003-bucket/...
[2025-05-21T13:50:45.398+0000] {logging_mixin.py:190} INFO - Upload completed.
[2025-05-21T13:50:45.399+0000] {python.py:240} INFO - Done. Returned value was: None
[2025-05-21T13:50:45.410+0000] {taskinstance.py:349} INFO - ::group::Post task execution logs
[2025-05-21T13:50:45.411+0000] {taskinstance.py:361} INFO - Marking task as SUCCESS. dag_id=extract_concat_upload_to_gcs, task_id=run_etl, run_id=manual__2025-05-21T13:42:52.127877+00:00, execution_date=20250521T134252, start_date=20250521T135018, end_date=20250521T135045
[2025-05-21T13:50:45.533+0000] {local_task_job_runner.py:266} INFO - Task exited with return code 0
[2025-05-21T13:50:45.545+0000] {taskinstance.py:3924} INFO - 0 downstream tasks scheduled from follow-on schedule check
[2025-05-21T13:50:45.559+0000] {local_task_job_runner.py:245} INFO - ::endgroup::
