[2025-05-20T14:25:57.345+0000] {local_task_job_runner.py:123} INFO - ::group::Pre task execution logs
[2025-05-20T14:25:57.363+0000] {taskinstance.py:2631} INFO - Dependencies all met for dep_context=non-requeueable deps ti=<TaskInstance: my_first_dbt_model-example.dbt_run scheduled__2025-05-19T00:00:00+00:00 [queued]>
[2025-05-20T14:25:57.369+0000] {taskinstance.py:2631} INFO - Dependencies all met for dep_context=requeueable deps ti=<TaskInstance: my_first_dbt_model-example.dbt_run scheduled__2025-05-19T00:00:00+00:00 [queued]>
[2025-05-20T14:25:57.370+0000] {taskinstance.py:2884} INFO - Starting attempt 1 of 1
[2025-05-20T14:25:57.417+0000] {taskinstance.py:2907} INFO - Executing <Task(BashOperator): dbt_run> on 2025-05-19 00:00:00+00:00
[2025-05-20T14:25:57.422+0000] {warnings.py:112} WARNING - /home/***/.local/lib/python3.12/site-packages/***/task/task_runner/standard_task_runner.py:70: DeprecationWarning: This process (pid=134) is multi-threaded, use of fork() may lead to deadlocks in the child.
  pid = os.fork()

[2025-05-20T14:25:57.424+0000] {standard_task_runner.py:72} INFO - Started process 136 to run task
[2025-05-20T14:25:57.424+0000] {standard_task_runner.py:104} INFO - Running: ['***', 'tasks', 'run', 'my_first_dbt_model-example', 'dbt_run', 'scheduled__2025-05-19T00:00:00+00:00', '--job-id', '33', '--raw', '--subdir', 'DAGS_FOLDER/dag_first_model.py', '--cfg-path', '/tmp/tmpsw5y6vyp']
[2025-05-20T14:25:57.425+0000] {standard_task_runner.py:105} INFO - Job 33: Subtask dbt_run
[2025-05-20T14:25:57.524+0000] {task_command.py:467} INFO - Running <TaskInstance: my_first_dbt_model-example.dbt_run scheduled__2025-05-19T00:00:00+00:00 [running]> on host ce0003bdd04f
[2025-05-20T14:25:57.693+0000] {taskinstance.py:3157} INFO - Exporting env vars: AIRFLOW_CTX_DAG_OWNER='***' AIRFLOW_CTX_DAG_ID='my_first_dbt_model-example' AIRFLOW_CTX_TASK_ID='dbt_run' AIRFLOW_CTX_EXECUTION_DATE='2025-05-19T00:00:00+00:00' AIRFLOW_CTX_TRY_NUMBER='1' AIRFLOW_CTX_DAG_RUN_ID='scheduled__2025-05-19T00:00:00+00:00'
[2025-05-20T14:25:57.694+0000] {taskinstance.py:740} INFO - ::endgroup::
[2025-05-20T14:25:57.717+0000] {subprocess.py:78} INFO - Tmp dir root location: /tmp
[2025-05-20T14:25:57.718+0000] {subprocess.py:88} INFO - Running command: ['/usr/bin/bash', '-c', 'cd /opt/***/dbt_modeling && dbt run -m my_first_dbt_model']
[2025-05-20T14:25:57.726+0000] {subprocess.py:99} INFO - Output:
[2025-05-20T14:26:00.273+0000] {subprocess.py:106} INFO - [0m14:26:00  Running with dbt=1.9.4
[2025-05-20T14:26:02.723+0000] {subprocess.py:106} INFO - [0m14:26:02  Registered adapter: bigquery=1.9.1
[2025-05-20T14:26:03.311+0000] {subprocess.py:106} INFO - [0m14:26:03  Found 2 models, 4 data tests, 491 macros
[2025-05-20T14:26:03.315+0000] {subprocess.py:106} INFO - [0m14:26:03
[2025-05-20T14:26:03.316+0000] {subprocess.py:106} INFO - [0m14:26:03  Concurrency: 1 threads (target='dev')
[2025-05-20T14:26:03.317+0000] {subprocess.py:106} INFO - [0m14:26:03
[2025-05-20T14:26:05.238+0000] {subprocess.py:106} INFO - [0m14:26:05  1 of 1 START sql table model jcdeol3_capstone3_hafizh.my_first_dbt_model ....... [RUN]
[2025-05-20T14:26:08.814+0000] {subprocess.py:106} INFO - [0m14:26:08  1 of 1 OK created sql table model jcdeol3_capstone3_hafizh.my_first_dbt_model .. [[32mCREATE TABLE (2.0 rows, 0 processed)[0m in 3.57s]
[2025-05-20T14:26:08.820+0000] {subprocess.py:106} INFO - [0m14:26:08
[2025-05-20T14:26:08.821+0000] {subprocess.py:106} INFO - [0m14:26:08  Finished running 1 table model in 0 hours 0 minutes and 5.50 seconds (5.50s).
[2025-05-20T14:26:08.871+0000] {subprocess.py:106} INFO - [0m14:26:08
[2025-05-20T14:26:08.872+0000] {subprocess.py:106} INFO - [0m14:26:08  [32mCompleted successfully[0m
[2025-05-20T14:26:08.873+0000] {subprocess.py:106} INFO - [0m14:26:08
[2025-05-20T14:26:08.873+0000] {subprocess.py:106} INFO - [0m14:26:08  Done. PASS=1 WARN=0 ERROR=0 SKIP=0 TOTAL=1
[2025-05-20T14:26:10.355+0000] {subprocess.py:110} INFO - Command exited with return code 0
[2025-05-20T14:26:10.445+0000] {taskinstance.py:349} INFO - ::group::Post task execution logs
[2025-05-20T14:26:10.446+0000] {taskinstance.py:361} INFO - Marking task as SUCCESS. dag_id=my_first_dbt_model-example, task_id=dbt_run, run_id=scheduled__2025-05-19T00:00:00+00:00, execution_date=20250519T000000, start_date=20250520T142557, end_date=20250520T142610
[2025-05-20T14:26:10.517+0000] {local_task_job_runner.py:266} INFO - Task exited with return code 0
[2025-05-20T14:26:10.528+0000] {taskinstance.py:3924} INFO - 0 downstream tasks scheduled from follow-on schedule check
[2025-05-20T14:26:10.580+0000] {local_task_job_runner.py:245} INFO - ::endgroup::
